  Artillero.cpp
D:\Repo_Git\Trabajo-de-Informatica\Juego-Informatica\src\Artillero.cpp(4,32): warning C4129: 'D': secuencia de escape de carácter no reconocida
D:\Repo_Git\Trabajo-de-Informatica\Juego-Informatica\src\Artillero.cpp(4,85): warning C4129: 'D': secuencia de escape de carácter no reconocida
D:\Repo_Git\Trabajo-de-Informatica\Juego-Informatica\src\Artillero.cpp(4,146): warning C4129: 'D': secuencia de escape de carácter no reconocida
  CajaMunicion.cpp
  CollisionMundo.cpp
  Coordinador_Juego.cpp
  Enemigo.cpp
  HUD.cpp
  Imagen.cpp
  ImagenBucle.cpp
  InteraccionListas.cpp
  ListaEnemObj.cpp
  Main.cpp
  Mortero.cpp
D:\Repo_Git\Trabajo-de-Informatica\Juego-Informatica\src\Mortero.cpp(4,48): warning C4129: 'D': secuencia de escape de carácter no reconocida
D:\Repo_Git\Trabajo-de-Informatica\Juego-Informatica\src\Mortero.cpp(20,70): warning C4129: 'D': secuencia de escape de carácter no reconocida
  Mundo.cpp
D:\Repo_Git\Trabajo-de-Informatica\Juego-Informatica\src\Mundo.cpp(108,18): warning C4129: 'D': secuencia de escape de carácter no reconocida
D:\Repo_Git\Trabajo-de-Informatica\Juego-Informatica\src\Mundo.cpp(109,19): warning C4129: 'D': secuencia de escape de carácter no reconocida
D:\Repo_Git\Trabajo-de-Informatica\Juego-Informatica\src\Mundo.cpp(112,15): warning C4129: 'D': secuencia de escape de carácter no reconocida
  Patrullero.cpp
D:\Repo_Git\Trabajo-de-Informatica\Juego-Informatica\src\Patrullero.cpp(5,32): warning C4129: 'D': secuencia de escape de carácter no reconocida
D:\Repo_Git\Trabajo-de-Informatica\Juego-Informatica\src\Patrullero.cpp(5,83): warning C4129: 'D': secuencia de escape de carácter no reconocida
D:\Repo_Git\Trabajo-de-Informatica\Juego-Informatica\src\Patrullero.cpp(5,138): warning C4129: 'D': secuencia de escape de carácter no reconocida
D:\Repo_Git\Trabajo-de-Informatica\Juego-Informatica\src\Patrullero.cpp(5,196): warning C4129: 'D': secuencia de escape de carácter no reconocida
  Personaje.cpp
D:\Repo_Git\Trabajo-de-Informatica\Juego-Informatica\src\Personaje.cpp(8,58): warning C4129: 'D': secuencia de escape de carácter no reconocida
D:\Repo_Git\Trabajo-de-Informatica\Juego-Informatica\src\Personaje.cpp(8,106): warning C4129: 'D': secuencia de escape de carácter no reconocida
D:\Repo_Git\Trabajo-de-Informatica\Juego-Informatica\src\Personaje.cpp(8,159): warning C4129: 'D': secuencia de escape de carácter no reconocida
D:\Repo_Git\Trabajo-de-Informatica\Juego-Informatica\src\Personaje.cpp(8,212): warning C4129: 'D': secuencia de escape de carácter no reconocida
D:\Repo_Git\Trabajo-de-Informatica\Juego-Informatica\src\Personaje.cpp(8,265): warning C4129: 'D': secuencia de escape de carácter no reconocida
D:\Repo_Git\Trabajo-de-Informatica\Juego-Informatica\src\Personaje.cpp(8,318): warning C4129: 'D': secuencia de escape de carácter no reconocida
  Generando código...
D:\Repo_Git\Trabajo-de-Informatica\Juego-Informatica\src\Enemigo.cpp(96): warning C4715: 'Enemigo::ataca': no todas las rutas de acceso de control devuelven un valor
  08-04-2020.vcxproj -> D:\Repo_Git\Trabajo-de-Informatica\Juego-Informatica\bin\08-04-2020.exe
