d:\repo_git\trabajo-de-informatica\juego-informatica\tmp\debug\vc142.pdb
d:\repo_git\trabajo-de-informatica\juego-informatica\tmp\debug\vc142.idb
d:\repo_git\trabajo-de-informatica\juego-informatica\tmp\debug\vector2d.obj
d:\repo_git\trabajo-de-informatica\juego-informatica\tmp\debug\personaje.obj
d:\repo_git\trabajo-de-informatica\juego-informatica\tmp\debug\patrullero.obj
d:\repo_git\trabajo-de-informatica\juego-informatica\tmp\debug\opcion_menu.obj
d:\repo_git\trabajo-de-informatica\juego-informatica\tmp\debug\mundo.obj
d:\repo_git\trabajo-de-informatica\juego-informatica\tmp\debug\menuprincipal.obj
d:\repo_git\trabajo-de-informatica\juego-informatica\tmp\debug\main.obj
d:\repo_git\trabajo-de-informatica\juego-informatica\tmp\debug\listacollider.obj
d:\repo_git\trabajo-de-informatica\juego-informatica\tmp\debug\interaccionlistas.obj
d:\repo_git\trabajo-de-informatica\juego-informatica\tmp\debug\imagenbucle.obj
d:\repo_git\trabajo-de-informatica\juego-informatica\tmp\debug\imagen.obj
d:\repo_git\trabajo-de-informatica\juego-informatica\tmp\debug\hud.obj
d:\repo_git\trabajo-de-informatica\juego-informatica\tmp\debug\enemigo.obj
d:\repo_git\trabajo-de-informatica\juego-informatica\tmp\debug\collisionmundo.obj
d:\repo_git\trabajo-de-informatica\juego-informatica\tmp\debug\collidermap.obj
d:\repo_git\trabajo-de-informatica\juego-informatica\tmp\debug\artillero.obj
d:\repo_git\trabajo-de-informatica\juego-informatica\bin\08-04-2020.exe
d:\repo_git\trabajo-de-informatica\juego-informatica\bin\08-04-2020.ilk
d:\repo_git\trabajo-de-informatica\juego-informatica\bin\08-04-2020.pdb
d:\repo_git\trabajo-de-informatica\juego-informatica\tmp\debug\08-04-2020.tlog\cl.command.1.tlog
d:\repo_git\trabajo-de-informatica\juego-informatica\tmp\debug\08-04-2020.tlog\cl.read.1.tlog
d:\repo_git\trabajo-de-informatica\juego-informatica\tmp\debug\08-04-2020.tlog\cl.write.1.tlog
d:\repo_git\trabajo-de-informatica\juego-informatica\tmp\debug\08-04-2020.tlog\link.command.1.tlog
d:\repo_git\trabajo-de-informatica\juego-informatica\tmp\debug\08-04-2020.tlog\link.read.1.tlog
d:\repo_git\trabajo-de-informatica\juego-informatica\tmp\debug\08-04-2020.tlog\link.write.1.tlog
